WARNING: You're using the Ruby-based MySQL library that ships with Rails. This library is not suited for production. Please install the C-based MySQL library instead (gem install mysql).
WARNING: You're using the Ruby-based MySQL library that ships with Rails. This library is not suited for production. Please install the C-based MySQL library instead (gem install mysql).
  [4;36;1mSQL (0.000118)[0m   [0;1mSET NAMES 'utf8'[0m
  [4;35;1mSQL (0.000089)[0m   [0mSET SQL_AUTO_IS_NULL=0[0m
  [4;36;1mSQL (0.013015)[0m   [0;1mCREATE DATABASE `couldrails_development` DEFAULT CHARACTER SET `utf8` COLLATE `utf8_general_ci`[0m


Processing HomeController#index (for 127.0.0.1 at 2011-02-17 14:20:31) [GET]
  Session ID: 72fad49720f69e6d92fb239a22fcac3e
  Parameters: {"action"=>"index", "controller"=>"home"}
WARNING: You're using the Ruby-based MySQL library that ships with Rails. This library is not suited for production. Please install the C-based MySQL library instead (gem install mysql).
  [4;36;1mSQL (0.000152)[0m   [0;1mSET NAMES 'utf8'[0m
  [4;35;1mSQL (0.000124)[0m   [0mSET SQL_AUTO_IS_NULL=0[0m
Rendering home/index
Completed in 0.00300 (333 reqs/sec) | Rendering: 0.00097 (32%) | DB: 0.00028 (9%) | 200 OK [http://127.0.0.1/]
WARNING: You're using the Ruby-based MySQL library that ships with Rails. This library is not suited for production. Please install the C-based MySQL library instead (gem install mysql).
  [4;36;1mSQL (0.000098)[0m   [0;1mSET NAMES 'utf8'[0m
  [4;35;1mSQL (0.000082)[0m   [0mSET SQL_AUTO_IS_NULL=0[0m
  [4;36;1mSQL (0.001771)[0m   [0;1mCREATE TABLE `schema_info` (version int(11))[0m
  [4;35;1mSQL (0.000217)[0m   [0mINSERT INTO `schema_info` (version) VALUES(0)[0m
  [4;36;1mSQL (0.000000)[0m   [0;1mMysql::Error: #42S01Table 'schema_info' already exists: CREATE TABLE `schema_info` (version int(11))[0m
  [4;35;1mSQL (0.000233)[0m   [0mSELECT version FROM schema_info[0m
Migrating to CreateItems (1)
  [4;36;1mSQL (0.002080)[0m   [0;1mCREATE TABLE `items` (`id` int(11) DEFAULT NULL auto_increment PRIMARY KEY, `item_name` varchar(255) DEFAULT NULL, `item_price` int(11) DEFAULT NULL, `created_at` datetime DEFAULT NULL, `updated_at` datetime DEFAULT NULL) ENGINE=InnoDB[0m
  [4;35;1mSQL (0.000120)[0m   [0mUPDATE schema_info SET version = 1[0m
  [4;36;1mSQL (0.000197)[0m   [0;1mSELECT * FROM schema_info[0m
  [4;35;1mSQL (0.000241)[0m   [0mSHOW TABLES[0m
  [4;36;1mSQL (0.000921)[0m   [0;1mSHOW FIELDS FROM `items`[0m
  [4;35;1mSQL (0.000762)[0m   [0mdescribe `items`[0m
  [4;36;1mSQL (0.000697)[0m   [0;1mSHOW KEYS FROM `items`[0m
